Val is 1
Val is 2
Val is 3
Val is 4
Val is 5
Val is 6
Val is 7
Val is 8
Val is 9
Val is 1
Val is 2
Val is 3
Val is 4
Val is 5
Val is 6
Val is 7
Val is 8
Val is 9
<?xml version="1.0" encoding="UTF-8" ?>
<testsuite name="cxxtest" date="Wed Dec 17 07:05:02 2014" tests="2" errors="0" failures="0" time="0" >
    <testcase classname="MatrixMultTest" name="test_Unit_Test_1" line="15">
        <warning line="16" >Test skipping is not supported without exception handling.</warning>
    </testcase>
    <testcase classname="MatrixMultTest" name="test_Unit_Test_2" line="20" />
</testsuite>
